<?xml version="1.0" encoding="UTF-8"?>
<robot generator="Robot 3.2.2 (Python 3.8.5 on linux)" generated="20210118 17:22:09.632" rpa="false">
<suite id="s1" name="Stable Snapshot" source="/home/fabio/netdevops/robot_genie/stable_snapshot.robot">
<test id="s1-t1" name="Connect to devices">
<kw name="use genie testbed &quot;${testbed}&quot;" library="genie.libs.robot.GenieRobot">
<doc>Create the genie testbed</doc>
<msg timestamp="20210118 17:22:10.668" level="WARN">Using the default encoding key since no key was specified in configuration.
THIS IS A SHARED KEY AND IS NOT SECURE, PLEASE RUN `pyats secret keygen` AND ADD TO YOUR pyats.conf FILE BEFORE ENCODING ANY VALUES.</msg>
<msg timestamp="20210118 17:22:10.711" level="INFO">+------------------------------------------------------------------------------+
|                            Genie datafiles used:                             |
+------------------------------------------------------------------------------+</msg>
<msg timestamp="20210118 17:22:10.711" level="INFO">Trigger datafile          | </msg>
<msg timestamp="20210118 17:22:10.712" level="INFO">Verification  datafile    | </msg>
<msg timestamp="20210118 17:22:10.712" level="INFO">Pts datafile              | /home/fabio/netdevops/robot_genie/lib/python3.8/site-packages/genie/libs/sdk/genie_yamls/pts_datafile.yaml</msg>
<msg timestamp="20210118 17:22:10.713" level="INFO">Subsection datafile       | /home/fabio/netdevops/robot_genie/lib/python3.8/site-packages/genie/libs/sdk/genie_yamls/subsection_datafile.yaml</msg>
<msg timestamp="20210118 17:22:10.713" level="INFO">Config datafile           | None</msg>
<msg timestamp="20210118 17:22:10.744" level="WARN">Could not load the Datafile correctly</msg>
<status status="PASS" starttime="20210118 17:22:10.633" endtime="20210118 17:22:10.745"></status>
</kw>
<kw name="connect to device &quot;SITE_A_CORE&quot;" library="ats.robot.pyATSRobot">
<doc>Connect to device connection as defined in testbed.yaml</doc>
<msg timestamp="20210118 17:22:10.746" level="INFO">Connecting to device 'Device SITE_A_CORE, type router'</msg>
<msg timestamp="20210118 17:22:10.746" level="INFO">kwargs: {}</msg>
<msg timestamp="20210118 17:22:15.757" level="INFO">2021-01-18 17:22:10,751: %UNICON-INFO: +++ SITE_A_CORE logfile /tmp/SITE_A_CORE-cli-20210118T172210750.log +++

2021-01-18 17:22:10,751: %UNICON-INFO: +++ Unicon plugin ios +++

**************************************************************************
* IOSv is strictly limited to use for evaluation, demonstration and IOS  *
* education. IOSv is provided as-is and is not supported by Cisco's      *
* Technical Advisory Center. Any use or disclosure, in whole or in part, *
* of the IOSv Software or Documentation to any third party for any       *
* purposes is expressly prohibited except as otherwise authorized by     *
* Cisco in writing.                                                      *
**************************************************************************

2021-01-18 17:22:11,477: %UNICON-INFO: +++ connection to spawn: ssh -l admin 192.168.126.51, id: 139662935208576 +++

2021-01-18 17:22:11,478: %UNICON-INFO: connection to SITE_A_CORE
Password: 

**************************************************************************
* IOSv is strictly limited to use for evaluation, demonstration and IOS  *
* education. IOSv is provided as-is and is not supported by Cisco's      *
* Technical Advisory Center. Any use or disclosure, in whole or in part, *
* of the IOSv Software or Documentation to any third party for any       *
* purposes is expressly prohibited except as otherwise authorized by     *
* Cisco in writing.                                                      *
**************************************************************************
SITE_A_CORE#

2021-01-18 17:22:13,758: %UNICON-INFO: +++ initializing handle +++

2021-01-18 17:22:13,759: %UNICON-INFO: +++ SITE_A_CORE: executing command 'term length 0' +++
term length 0
SITE_A_CORE#

2021-01-18 17:22:14,013: %UNICON-INFO: +++ SITE_A_CORE: executing command 'term width 0' +++
term width 0
SITE_A_CORE#

2021-01-18 17:22:14,308: %UNICON-INFO: +++ SITE_A_CORE: executing command 'show version' +++
show version
Cisco IOS Software, IOSv Software (VIOS-ADVENTERPRISEK9-M), Version 15.6(1)T, RELEASE SOFTWARE (fc1)
Technical Support: http://www.cisco.com/techsupport
Copyright (c) 1986-2015 by Cisco Systems, Inc.
Compiled Fri 20-Nov-15 13:39 by prod_rel_team


ROM: Bootstrap program is IOSv

SITE_A_CORE uptime is 24 minutes
System returned to ROM by reload
System image file is "flash0:/vios-adventerprisek9-m"
Last reload reason: Unknown reason



This product contains cryptographic features and is subject to United
States and local country laws governing import, export, transfer and
use. Delivery of Cisco cryptographic products does not imply
third-party authority to import, export, distribute or use encryption.
Importers, exporters, distributors and users are responsible for
compliance with U.S. and local country laws. By using this product you
agree to comply with applicable laws and regulations. If you are unable
to comply with U.S. and local laws, return this product immediately.

A summary of U.S. laws governing Cisco cryptographic products may be found at:
http://www.cisco.com/wwl/export/crypto/tool/stqrg.html

If you require further assistance please contact us by sending email to
export@cisco.com.

Cisco IOSv (revision 1.0) with  with 984441K/62464K bytes of memory.
Processor board ID 9VRE7EREKP7W70K7TUCP3
4 Gigabit Ethernet interfaces
DRAM configuration is 72 bits wide with parity disabled.
256K bytes of non-volatile configuration memory.
2097152K bytes of ATA System CompactFlash 0 (Read/Write)
0K bytes of ATA CompactFlash 1 (Read/Write)
0K bytes of ATA CompactFlash 2 (Read/Write)
0K bytes of ATA CompactFlash 3 (Read/Write)



Configuration register is 0x0

SITE_A_CORE#

2021-01-18 17:22:14,623: %UNICON-INFO: +++ SITE_A_CORE: configure +++
config term
Enter configuration commands, one per line.  End with CNTL/Z.
SITE_A_CORE(config)#no logging console
SITE_A_CORE(config)#line console 0
SITE_A_CORE(config-line)#exec-timeout 0
SITE_A_CORE(config-line)#end
SITE_A_CORE#</msg>
<status status="PASS" starttime="20210118 17:22:10.745" endtime="20210118 17:22:15.758"></status>
</kw>
<kw name="connect to device &quot;SITE_A_EDGE&quot;" library="ats.robot.pyATSRobot">
<doc>Connect to device connection as defined in testbed.yaml</doc>
<msg timestamp="20210118 17:22:15.759" level="INFO">Connecting to device 'Device SITE_A_EDGE, type router'</msg>
<msg timestamp="20210118 17:22:15.759" level="INFO">kwargs: {}</msg>
<msg timestamp="20210118 17:22:20.914" level="INFO">2021-01-18 17:22:15,760: %UNICON-INFO: +++ SITE_A_EDGE logfile /tmp/SITE_A_EDGE-cli-20210118T172215760.log +++

2021-01-18 17:22:15,760: %UNICON-INFO: +++ Unicon plugin ios +++


2021-01-18 17:22:16,291: %UNICON-INFO: +++ connection to spawn: ssh -l admin 192.168.126.52, id: 139662934854864 +++

2021-01-18 17:22:16,291: %UNICON-INFO: connection to SITE_A_EDGE

**************************************************************************
* IOSv is strictly limited to use for evaluation, demonstration and IOS  *
* education. IOSv is provided as-is and is not supported by Cisco's      *
* Technical Advisory Center. Any use or disclosure, in whole or in part, *
* of the IOSv Software or Documentation to any third party for any       *
* purposes is expressly prohibited except as otherwise authorized by     *
* Cisco in writing.                                                      *
**************************************************************************Password: 

**************************************************************************
* IOSv is strictly limited to use for evaluation, demonstration and IOS  *
* education. IOSv is provided as-is and is not supported by Cisco's      *
* Technical Advisory Center. Any use or disclosure, in whole or in part, *
* of the IOSv Software or Documentation to any third party for any       *
* purposes is expressly prohibited except as otherwise authorized by     *
* Cisco in writing.                                                      *
**************************************************************************
SITE_A_EDGE#

2021-01-18 17:22:18,574: %UNICON-INFO: +++ initializing handle +++

2021-01-18 17:22:18,574: %UNICON-INFO: +++ SITE_A_EDGE: executing command 'term length 0' +++
term length 0
SITE_A_EDGE#

2021-01-18 17:22:18,912: %UNICON-INFO: +++ SITE_A_EDGE: executing command 'term width 0' +++
term width 0
SITE_A_EDGE#

2021-01-18 17:22:19,231: %UNICON-INFO: +++ SITE_A_EDGE: executing command 'show version' +++
show version
Cisco IOS Software, IOSv Software (VIOS-ADVENTERPRISEK9-M), Version 15.6(1)T, RELEASE SOFTWARE (fc1)
Technical Support: http://www.cisco.com/techsupport
Copyright (c) 1986-2015 by Cisco Systems, Inc.
Compiled Fri 20-Nov-15 13:39 by prod_rel_team


ROM: Bootstrap program is IOSv

SITE_A_EDGE uptime is 25 minutes
System returned to ROM by reload
System image file is "flash0:/vios-adventerprisek9-m"
Last reload reason: Unknown reason



This product contains cryptographic features and is subject to United
States and local country laws governing import, export, transfer and
use. Delivery of Cisco cryptographic products does not imply
third-party authority to import, export, distribute or use encryption.
Importers, exporters, distributors and users are responsible for
compliance with U.S. and local country laws. By using this product you
agree to comply with applicable laws and regulations. If you are unable
to comply with U.S. and local laws, return this product immediately.

A summary of U.S. laws governing Cisco cryptographic products may be found at:
http://www.cisco.com/wwl/export/crypto/tool/stqrg.html

If you require further assistance please contact us by sending email to
export@cisco.com.

Cisco IOSv (revision 1.0) with  with 984441K/62464K bytes of memory.
Processor board ID 9MXV68ZO6Y3M11OIIH49M
4 Gigabit Ethernet interfaces
DRAM configuration is 72 bits wide with parity disabled.
256K bytes of non-volatile configuration memory.
2097152K bytes of ATA System CompactFlash 0 (Read/Write)
0K bytes of ATA CompactFlash 1 (Read/Write)
0K bytes of ATA CompactFlash 2 (Read/Write)
0K bytes of ATA CompactFlash 3 (Read/Write)



Configuration register is 0x0

SITE_A_EDGE#

2021-01-18 17:22:19,625: %UNICON-INFO: +++ SITE_A_EDGE: configure +++
config term
Enter configuration commands, one per line.  End with CNTL/Z.
SITE_A_EDGE(config)#no logging console
SITE_A_EDGE(config)#line console 0
SITE_A_EDGE(config-line)#exec-timeout 0
SITE_A_EDGE(config-line)#end
SITE_A_EDGE#</msg>
<status status="PASS" starttime="20210118 17:22:15.758" endtime="20210118 17:22:20.915"></status>
</kw>
<kw name="connect to device &quot;SITE_B_EDGE&quot;" library="ats.robot.pyATSRobot">
<doc>Connect to device connection as defined in testbed.yaml</doc>
<msg timestamp="20210118 17:22:20.916" level="INFO">Connecting to device 'Device SITE_B_EDGE, type router'</msg>
<msg timestamp="20210118 17:22:20.916" level="INFO">kwargs: {}</msg>
<msg timestamp="20210118 17:22:26.278" level="INFO">2021-01-18 17:22:20,918: %UNICON-INFO: +++ SITE_B_EDGE logfile /tmp/SITE_B_EDGE-cli-20210118T172220917.log +++

2021-01-18 17:22:20,918: %UNICON-INFO: +++ Unicon plugin ios +++

**************************************************************************
* IOSv is strictly limited to use for evaluation, demonstration and IOS  *
* education. IOSv is provided as-is and is not supported by Cisco's      *
* Technical Advisory Center. Any use or disclosure, in whole or in part, *
* of the IOSv Software or Documentation to any third party for any       *
* purposes is expressly prohibited except as otherwise authorized by     *
* Cisco in writing.                                                      *
**************************************************************************

2021-01-18 17:22:21,528: %UNICON-INFO: +++ connection to spawn: ssh -l admin 192.168.126.53, id: 139662934968016 +++

2021-01-18 17:22:21,528: %UNICON-INFO: connection to SITE_B_EDGE
Password: 

**************************************************************************
* IOSv is strictly limited to use for evaluation, demonstration and IOS  *
* education. IOSv is provided as-is and is not supported by Cisco's      *
* Technical Advisory Center. Any use or disclosure, in whole or in part, *
* of the IOSv Software or Documentation to any third party for any       *
* purposes is expressly prohibited except as otherwise authorized by     *
* Cisco in writing.                                                      *
**************************************************************************
SITE_B_EDGE#

2021-01-18 17:22:23,873: %UNICON-INFO: +++ initializing handle +++

2021-01-18 17:22:23,874: %UNICON-INFO: +++ SITE_B_EDGE: executing command 'term length 0' +++
term length 0
SITE_B_EDGE#

2021-01-18 17:22:24,181: %UNICON-INFO: +++ SITE_B_EDGE: executing command 'term width 0' +++
term width 0
SITE_B_EDGE#

2021-01-18 17:22:24,502: %UNICON-INFO: +++ SITE_B_EDGE: executing command 'show version' +++
show version
Cisco IOS Software, IOSv Software (VIOS-ADVENTERPRISEK9-M), Version 15.6(1)T, RELEASE SOFTWARE (fc1)
Technical Support: http://www.cisco.com/techsupport
Copyright (c) 1986-2015 by Cisco Systems, Inc.
Compiled Fri 20-Nov-15 13:39 by prod_rel_team


ROM: Bootstrap program is IOSv

SITE_B_EDGE uptime is 25 minutes
System returned to ROM by reload
System image file is "flash0:/vios-adventerprisek9-m"
Last reload reason: Unknown reason



This product contains cryptographic features and is subject to United
States and local country laws governing import, export, transfer and
use. Delivery of Cisco cryptographic products does not imply
third-party authority to import, export, distribute or use encryption.
Importers, exporters, distributors and users are responsible for
compliance with U.S. and local country laws. By using this product you
agree to comply with applicable laws and regulations. If you are unable
to comply with U.S. and local laws, return this product immediately.

A summary of U.S. laws governing Cisco cryptographic products may be found at:
http://www.cisco.com/wwl/export/crypto/tool/stqrg.html

If you require further assistance please contact us by sending email to
export@cisco.com.

Cisco IOSv (revision 1.0) with  with 984441K/62464K bytes of memory.
Processor board ID 90XT4TJAPDA0KT5J4N6U7
4 Gigabit Ethernet interfaces
DRAM configuration is 72 bits wide with parity disabled.
256K bytes of non-volatile configuration memory.
2097152K bytes of ATA System CompactFlash 0 (Read/Write)
0K bytes of ATA CompactFlash 1 (Read/Write)
0K bytes of ATA CompactFlash 2 (Read/Write)
0K bytes of ATA CompactFlash 3 (Read/Write)



Configuration register is 0x0

SITE_B_EDGE#

2021-01-18 17:22:24,868: %UNICON-INFO: +++ SITE_B_EDGE: configure +++
config term
Enter configuration commands, one per line.  End with CNTL/Z.
SITE_B_EDGE(config)#no logging console
SITE_B_EDGE(config)#line console 0
SITE_B_EDGE(config-line)#exec-timeout 0
SITE_B_EDGE(config-line)#end
SITE_B_EDGE#</msg>
<status status="PASS" starttime="20210118 17:22:20.915" endtime="20210118 17:22:26.278"></status>
</kw>
<kw name="connect to device &quot;SITE_B_CORE&quot;" library="ats.robot.pyATSRobot">
<doc>Connect to device connection as defined in testbed.yaml</doc>
<msg timestamp="20210118 17:22:26.280" level="INFO">Connecting to device 'Device SITE_B_CORE, type router'</msg>
<msg timestamp="20210118 17:22:26.280" level="INFO">kwargs: {}</msg>
<msg timestamp="20210118 17:22:32.217" level="INFO">2021-01-18 17:22:26,281: %UNICON-INFO: +++ SITE_B_CORE logfile /tmp/SITE_B_CORE-cli-20210118T172226281.log +++

2021-01-18 17:22:26,281: %UNICON-INFO: +++ Unicon plugin ios +++


2021-01-18 17:22:26,941: %UNICON-INFO: +++ connection to spawn: ssh -l admin 192.168.126.54, id: 139662935029168 +++

2021-01-18 17:22:26,942: %UNICON-INFO: connection to SITE_B_CORE

**************************************************************************
* IOSv is strictly limited to use for evaluation, demonstration and IOS  *
* education. IOSv is provided as-is and is not supported by Cisco's      *
* Technical Advisory Center. Any use or disclosure, in whole or in part, *
* of the IOSv Software or Documentation to any third party for any       *
* purposes is expressly prohibited except as otherwise authorized by     *
* Cisco in writing.                                                      *
**************************************************************************Password: 

**************************************************************************
* IOSv is strictly limited to use for evaluation, demonstration and IOS  *
* education. IOSv is provided as-is and is not supported by Cisco's      *
* Technical Advisory Center. Any use or disclosure, in whole or in part, *
* of the IOSv Software or Documentation to any third party for any       *
* purposes is expressly prohibited except as otherwise authorized by     *
* Cisco in writing.                                                      *
**************************************************************************
SITE_B_CORE#

2021-01-18 17:22:29,333: %UNICON-INFO: +++ initializing handle +++

2021-01-18 17:22:29,333: %UNICON-INFO: +++ SITE_B_CORE: executing command 'term length 0' +++
term length 0
SITE_B_CORE#

2021-01-18 17:22:29,721: %UNICON-INFO: +++ SITE_B_CORE: executing command 'term width 0' +++
term width 0
SITE_B_CORE#

2021-01-18 17:22:30,102: %UNICON-INFO: +++ SITE_B_CORE: executing command 'show version' +++
show version
Cisco IOS Software, IOSv Software (VIOS-ADVENTERPRISEK9-M), Version 15.6(1)T, RELEASE SOFTWARE (fc1)
Technical Support: http://www.cisco.com/techsupport
Copyright (c) 1986-2015 by Cisco Systems, Inc.
Compiled Fri 20-Nov-15 13:39 by prod_rel_team


ROM: Bootstrap program is IOSv

SITE_B_CORE uptime is 25 minutes
System returned to ROM by reload
System image file is "flash0:/vios-adventerprisek9-m"
Last reload reason: Unknown reason



This product contains cryptographic features and is subject to United
States and local country laws governing import, export, transfer and
use. Delivery of Cisco cryptographic products does not imply
third-party authority to import, export, distribute or use encryption.
Importers, exporters, distributors and users are responsible for
compliance with U.S. and local country laws. By using this product you
agree to comply with applicable laws and regulations. If you are unable
to comply with U.S. and local laws, return this product immediately.

A summary of U.S. laws governing Cisco cryptographic products may be found at:
http://www.cisco.com/wwl/export/crypto/tool/stqrg.html

If you require further assistance please contact us by sending email to
export@cisco.com.

Cisco IOSv (revision 1.0) with  with 984441K/62464K bytes of memory.
Processor board ID 9TC8KZOY7FTL9DLE32UHK
4 Gigabit Ethernet interfaces
DRAM configuration is 72 bits wide with parity disabled.
256K bytes of non-volatile configuration memory.
2097152K bytes of ATA System CompactFlash 0 (Read/Write)
0K bytes of ATA CompactFlash 1 (Read/Write)
0K bytes of ATA CompactFlash 2 (Read/Write)
0K bytes of ATA CompactFlash 3 (Read/Write)



Configuration register is 0x0

SITE_B_CORE#

2021-01-18 17:22:30,615: %UNICON-INFO: +++ SITE_B_CORE: configure +++
config term
Enter configuration commands, one per line.  End with CNTL/Z.
SITE_B_CORE(config)#no logging console
SITE_B_CORE(config)#line console 0
SITE_B_CORE(config-line)#exec-timeout 0
SITE_B_CORE(config-line)#end
SITE_B_CORE#</msg>
<status status="PASS" starttime="20210118 17:22:26.279" endtime="20210118 17:22:32.217"></status>
</kw>
<doc>Define the hosts to connect and test connections</doc>
<status status="PASS" starttime="20210118 17:22:10.632" endtime="20210118 17:22:32.218" critical="yes"></status>
</test>
<test id="s1-t2" name="Profile Platform">
<kw name="Profile the system for &quot;platform;interface;routing;ospf;bgp&quot; on devices &quot;SITE_A_CORE;SITE_A_EDGE;SITE_B_EDGE;SITE_B_CORE&quot; as &quot;./snapshot/stable/stable_platform&quot;" library="genie.libs.robot.GenieRobot">
<doc>Profile system as per the provided features on the devices</doc>
<msg timestamp="20210118 17:22:32.220" level="INFO">Start learning feature platform</msg>
<msg timestamp="20210118 17:22:34.168" level="INFO">+====================================================================================================================================================+</msg>
<msg timestamp="20210118 17:22:34.168" level="INFO">| Commands for learning feature 'Platform'                                                                                                           |</msg>
<msg timestamp="20210118 17:22:34.168" level="INFO">+====================================================================================================================================================+</msg>
<msg timestamp="20210118 17:22:34.168" level="INFO">| - Parsed commands                                                                                                                                  |</msg>
<msg timestamp="20210118 17:22:34.168" level="INFO">|----------------------------------------------------------------------------------------------------------------------------------------------------|</msg>
<msg timestamp="20210118 17:22:34.168" level="INFO">|   cmd: &lt;class 'genie.libs.parser.ios.show_platform.ShowVersion'&gt;                                                                                   |</msg>
<msg timestamp="20210118 17:22:34.169" level="INFO">|   cmd: &lt;class 'genie.libs.parser.ios.show_platform.Dir'&gt;                                                                                           |</msg>
<msg timestamp="20210118 17:22:34.169" level="INFO">|   cmd: &lt;class 'genie.libs.parser.ios.show_platform.ShowInventory'&gt;                                                                                 |</msg>
<msg timestamp="20210118 17:22:34.169" level="INFO">|====================================================================================================================================================|</msg>
<msg timestamp="20210118 17:22:34.169" level="INFO">Start learning feature interface</msg>
<msg timestamp="20210118 17:22:34.453" level="INFO">Could not learn &lt;class 'genie.libs.parser.iosxe.show_vrf.ShowVrf'&gt;
Parser Output is empty</msg>
<msg timestamp="20210118 17:22:37.128" level="INFO">Could not learn &lt;class 'genie.libs.parser.iosxe.show_interface.ShowIpv6Interface'&gt;
Parser Output is empty</msg>
<msg timestamp="20210118 17:22:37.128" level="INFO">+====================================================================================================================================================+</msg>
<msg timestamp="20210118 17:22:37.129" level="INFO">| Commands for learning feature 'Interface'                                                                                                          |</msg>
<msg timestamp="20210118 17:22:37.129" level="INFO">+====================================================================================================================================================+</msg>
<msg timestamp="20210118 17:22:37.129" level="INFO">| - Parsed commands                                                                                                                                  |</msg>
<msg timestamp="20210118 17:22:37.129" level="INFO">|----------------------------------------------------------------------------------------------------------------------------------------------------|</msg>
<msg timestamp="20210118 17:22:37.129" level="INFO">|   cmd: &lt;class 'genie.libs.parser.iosxe.show_interface.ShowInterfaces'&gt;, arguments: {'interface':''}                                                |</msg>
<msg timestamp="20210118 17:22:37.129" level="INFO">|   cmd: &lt;class 'genie.libs.parser.iosxe.show_interface.ShowInterfacesAccounting'&gt;, arguments: {'interface':''}                                      |</msg>
<msg timestamp="20210118 17:22:37.129" level="INFO">|   cmd: &lt;class 'genie.libs.parser.iosxe.show_interface.ShowIpInterface'&gt;, arguments: {'interface':''}                                               |</msg>
<msg timestamp="20210118 17:22:37.129" level="INFO">|====================================================================================================================================================|</msg>
<msg timestamp="20210118 17:22:37.129" level="INFO">| - Commands with empty output                                                                                                                       |</msg>
<msg timestamp="20210118 17:22:37.129" level="INFO">|----------------------------------------------------------------------------------------------------------------------------------------------------|</msg>
<msg timestamp="20210118 17:22:37.129" level="INFO">|   cmd: &lt;class 'genie.libs.parser.iosxe.show_vrf.ShowVrf'&gt;, arguments: {'vrf':''}                                                                   |</msg>
<msg timestamp="20210118 17:22:37.129" level="INFO">|   cmd: &lt;class 'genie.libs.parser.iosxe.show_interface.ShowIpv6Interface'&gt;, arguments: {'interface':''}                                             |</msg>
<msg timestamp="20210118 17:22:37.129" level="INFO">|====================================================================================================================================================|</msg>
<msg timestamp="20210118 17:22:37.183" level="INFO">Start learning feature routing</msg>
<msg timestamp="20210118 17:22:38.054" level="INFO">Could not learn &lt;class 'genie.libs.parser.iosxe.show_routing.ShowIpv6RouteDistributor'&gt;
Show Command: ['show ipv6 route vrf {vrf}', 'show ipv6 route vrf {vrf} {protocol}', 'show ipv6 route', 'show ipv6 route {protocol}', 'show ipv6 route interface {interface}']
Parser Output is empty</msg>
<msg timestamp="20210118 17:22:38.054" level="INFO">+====================================================================================================================================================+</msg>
<msg timestamp="20210118 17:22:38.054" level="INFO">| Commands for learning feature 'Routing'                                                                                                            |</msg>
<msg timestamp="20210118 17:22:38.055" level="INFO">+====================================================================================================================================================+</msg>
<msg timestamp="20210118 17:22:38.055" level="INFO">| - Parsed commands                                                                                                                                  |</msg>
<msg timestamp="20210118 17:22:38.055" level="INFO">|----------------------------------------------------------------------------------------------------------------------------------------------------|</msg>
<msg timestamp="20210118 17:22:38.055" level="INFO">|   cmd: &lt;class 'genie.libs.parser.iosxe.show_routing.ShowIpRouteDistributor'&gt;                                                                       |</msg>
<msg timestamp="20210118 17:22:38.055" level="INFO">|====================================================================================================================================================|</msg>
<msg timestamp="20210118 17:22:38.055" level="INFO">| - Commands with empty output                                                                                                                       |</msg>
<msg timestamp="20210118 17:22:38.055" level="INFO">|----------------------------------------------------------------------------------------------------------------------------------------------------|</msg>
<msg timestamp="20210118 17:22:38.055" level="INFO">|   cmd: &lt;class 'genie.libs.parser.iosxe.show_routing.ShowIpv6RouteDistributor'&gt;                                                                     |</msg>
<msg timestamp="20210118 17:22:38.055" level="INFO">|====================================================================================================================================================|</msg>
<msg timestamp="20210118 17:22:38.072" level="INFO">Start learning feature ospf</msg>
<msg timestamp="20210118 17:23:07.230" level="INFO">Could not learn &lt;class 'genie.libs.parser.ios.show_ospf.ShowIpOspfVirtualLinks'&gt;
Show Command: show ip ospf virtual-links
Parser Output is empty</msg>
<msg timestamp="20210118 17:23:53.733" level="INFO">Could not learn &lt;class 'genie.libs.parser.ios.show_ospf.ShowIpOspfShamLinks'&gt;
Show Command: show ip ospf sham-links
Parser Output is empty</msg>
<msg timestamp="20210118 17:23:53.734" level="INFO">+====================================================================================================================================================+</msg>
<msg timestamp="20210118 17:23:53.734" level="INFO">| Commands for learning feature 'Ospf'                                                                                                               |</msg>
<msg timestamp="20210118 17:23:53.734" level="INFO">+====================================================================================================================================================+</msg>
<msg timestamp="20210118 17:23:53.734" level="INFO">| - Parsed commands                                                                                                                                  |</msg>
<msg timestamp="20210118 17:23:53.735" level="INFO">|----------------------------------------------------------------------------------------------------------------------------------------------------|</msg>
<msg timestamp="20210118 17:23:53.735" level="INFO">|   cmd: &lt;class 'genie.libs.parser.ios.show_ospf.ShowIpOspf'&gt;                                                                                        |</msg>
<msg timestamp="20210118 17:23:53.735" level="INFO">|   cmd: &lt;class 'genie.libs.parser.iosxe.show_protocols.ShowIpProtocols'&gt;, arguments: {'vrf':''}                                                     |</msg>
<msg timestamp="20210118 17:23:53.735" level="INFO">|   cmd: &lt;class 'genie.libs.parser.ios.show_ospf.ShowIpOspfMplsLdpInterface'&gt;, arguments: {'interface':''}                                           |</msg>
<msg timestamp="20210118 17:23:53.735" level="INFO">|   cmd: &lt;class 'genie.libs.parser.ios.show_ospf.ShowIpOspfMplsTrafficEngLink'&gt;                                                                      |</msg>
<msg timestamp="20210118 17:23:53.735" level="INFO">|   cmd: &lt;class 'genie.libs.parser.ios.show_ospf.ShowIpOspfDatabaseRouter'&gt;                                                                          |</msg>
<msg timestamp="20210118 17:23:53.735" level="INFO">|   cmd: &lt;class 'genie.libs.parser.ios.show_ospf.ShowIpOspfDatabaseNetwork'&gt;                                                                         |</msg>
<msg timestamp="20210118 17:23:53.735" level="INFO">|   cmd: &lt;class 'genie.libs.parser.ios.show_ospf.ShowIpOspfDatabaseExternal'&gt;                                                                        |</msg>
<msg timestamp="20210118 17:23:53.735" level="INFO">|   cmd: &lt;class 'genie.libs.parser.ios.show_ospf.ShowIpOspfDatabaseSummary'&gt;                                                                         |</msg>
<msg timestamp="20210118 17:23:53.735" level="INFO">|   cmd: &lt;class 'genie.libs.parser.ios.show_ospf.ShowIpOspfDatabaseOpaqueArea'&gt;                                                                      |</msg>
<msg timestamp="20210118 17:23:53.735" level="INFO">|   cmd: &lt;class 'genie.libs.parser.ios.show_ospf.ShowIpOspfInterface'&gt;, arguments: {'interface':''}                                                  |</msg>
<msg timestamp="20210118 17:23:53.735" level="INFO">|   cmd: &lt;class 'genie.libs.parser.ios.show_ospf.ShowIpOspfNeighborDetail'&gt;, arguments: {'neighbor':''}                                              |</msg>
<msg timestamp="20210118 17:23:53.735" level="INFO">|====================================================================================================================================================|</msg>
<msg timestamp="20210118 17:23:53.736" level="INFO">| - Commands with empty output                                                                                                                       |</msg>
<msg timestamp="20210118 17:23:53.736" level="INFO">|----------------------------------------------------------------------------------------------------------------------------------------------------|</msg>
<msg timestamp="20210118 17:23:53.736" level="INFO">|   cmd: &lt;class 'genie.libs.parser.ios.show_ospf.ShowIpOspfVirtualLinks'&gt;                                                                            |</msg>
<msg timestamp="20210118 17:23:53.736" level="INFO">|   cmd: &lt;class 'genie.libs.parser.ios.show_ospf.ShowIpOspfShamLinks'&gt;                                                                               |</msg>
<msg timestamp="20210118 17:23:53.736" level="INFO">|====================================================================================================================================================|</msg>
<msg timestamp="20210118 17:23:53.903" level="INFO">Start learning feature bgp</msg>
<msg timestamp="20210118 17:23:54.875" level="INFO">Could not learn &lt;class 'genie.libs.parser.ios.show_bgp.ShowBgpAllSummary'&gt;
Show Command: show bgp all summary
Parser Output is empty</msg>
<msg timestamp="20210118 17:23:55.747" level="INFO">Could not learn &lt;class 'genie.libs.parser.ios.show_bgp.ShowIpBgpTemplatePeerSession'&gt;
Show Command: show ip bgp template peer-session
Parser Output is empty</msg>
<msg timestamp="20210118 17:23:56.547" level="INFO">Could not learn &lt;class 'genie.libs.parser.ios.show_bgp.ShowIpBgpTemplatePeerPolicy'&gt;
Show Command: show ip bgp template peer-policy
Parser Output is empty</msg>
<msg timestamp="20210118 17:23:57.905" level="INFO">Could not learn &lt;class 'genie.libs.parser.ios.show_bgp.ShowBgpAllClusterIds'&gt;
Show Command: show bgp all cluster-ids
Parser Output is empty</msg>
<msg timestamp="20210118 17:23:58.914" level="INFO">Could not learn &lt;class 'genie.libs.parser.ios.show_bgp.ShowIpBgpAllDampeningParameters'&gt;
Show Command: show ip bgp all dampening parameters
Parser Output is empty</msg>
<msg timestamp="20210118 17:23:59.522" level="INFO">Could not learn &lt;class 'genie.libs.parser.ios.show_bgp.ShowBgpAllNeighbors'&gt;
Show Command: show bgp all neighbors 
Parser Output is empty</msg>
<msg timestamp="20210118 17:24:00.078" level="INFO">Could not learn &lt;class 'genie.libs.parser.ios.show_bgp.ShowBgpAll'&gt;
Show Command: show bgp all
Parser Output is empty</msg>
<msg timestamp="20210118 17:24:00.777" level="INFO">Could not learn &lt;class 'genie.libs.parser.ios.show_bgp.ShowBgpAllDetail'&gt;
Show Command: show bgp all detail
Parser Output is empty</msg>
<msg timestamp="20210118 17:24:00.779" level="INFO">+====================================================================================================================================================+</msg>
<msg timestamp="20210118 17:24:00.779" level="INFO">| Commands for learning feature 'Bgp'                                                                                                                |</msg>
<msg timestamp="20210118 17:24:00.779" level="INFO">+====================================================================================================================================================+</msg>
<msg timestamp="20210118 17:24:00.780" level="INFO">| - Commands with empty output                                                                                                                       |</msg>
<msg timestamp="20210118 17:24:00.780" level="INFO">|----------------------------------------------------------------------------------------------------------------------------------------------------|</msg>
<msg timestamp="20210118 17:24:00.780" level="INFO">|   cmd: &lt;class 'genie.libs.parser.ios.show_bgp.ShowBgpAllSummary'&gt;, arguments: {'address_family':'','vrf':''}                                       |</msg>
<msg timestamp="20210118 17:24:00.780" level="INFO">|   cmd: &lt;class 'genie.libs.parser.ios.show_bgp.ShowIpBgpTemplatePeerSession'&gt;                                                                       |</msg>
<msg timestamp="20210118 17:24:00.780" level="INFO">|   cmd: &lt;class 'genie.libs.parser.ios.show_bgp.ShowIpBgpTemplatePeerPolicy'&gt;                                                                        |</msg>
<msg timestamp="20210118 17:24:00.780" level="INFO">|   cmd: &lt;class 'genie.libs.parser.ios.show_bgp.ShowBgpAllClusterIds'&gt;                                                                               |</msg>
<msg timestamp="20210118 17:24:00.780" level="INFO">|   cmd: &lt;class 'genie.libs.parser.ios.show_bgp.ShowIpBgpAllDampeningParameters'&gt;                                                                    |</msg>
<msg timestamp="20210118 17:24:00.780" level="INFO">|   cmd: &lt;class 'genie.libs.parser.ios.show_bgp.ShowBgpAllNeighbors'&gt;, arguments: {'address_family':'','neighbor':''}                                |</msg>
<msg timestamp="20210118 17:24:00.780" level="INFO">|   cmd: &lt;class 'genie.libs.parser.ios.show_bgp.ShowBgpAll'&gt;, arguments: {'address_family':''}                                                       |</msg>
<msg timestamp="20210118 17:24:00.780" level="INFO">|   cmd: &lt;class 'genie.libs.parser.ios.show_bgp.ShowBgpAllDetail'&gt;, arguments: {'address_family':'','vrf':''}                                        |</msg>
<msg timestamp="20210118 17:24:00.780" level="INFO">|====================================================================================================================================================|</msg>
<msg timestamp="20210118 17:24:00.781" level="INFO">Start learning feature platform</msg>
<msg timestamp="20210118 17:24:02.085" level="INFO">+====================================================================================================================================================+</msg>
<msg timestamp="20210118 17:24:02.085" level="INFO">| Commands for learning feature 'Platform'                                                                                                           |</msg>
<msg timestamp="20210118 17:24:02.085" level="INFO">+====================================================================================================================================================+</msg>
<msg timestamp="20210118 17:24:02.085" level="INFO">| - Parsed commands                                                                                                                                  |</msg>
<msg timestamp="20210118 17:24:02.085" level="INFO">|----------------------------------------------------------------------------------------------------------------------------------------------------|</msg>
<msg timestamp="20210118 17:24:02.085" level="INFO">|   cmd: &lt;class 'genie.libs.parser.ios.show_platform.ShowVersion'&gt;                                                                                   |</msg>
<msg timestamp="20210118 17:24:02.085" level="INFO">|   cmd: &lt;class 'genie.libs.parser.ios.show_platform.Dir'&gt;                                                                                           |</msg>
<msg timestamp="20210118 17:24:02.085" level="INFO">|   cmd: &lt;class 'genie.libs.parser.ios.show_platform.ShowInventory'&gt;                                                                                 |</msg>
<msg timestamp="20210118 17:24:02.085" level="INFO">|====================================================================================================================================================|</msg>
<msg timestamp="20210118 17:24:02.086" level="INFO">Start learning feature interface</msg>
<msg timestamp="20210118 17:24:02.367" level="INFO">Could not learn &lt;class 'genie.libs.parser.iosxe.show_vrf.ShowVrf'&gt;
Parser Output is empty</msg>
<msg timestamp="20210118 17:24:04.982" level="INFO">Could not learn &lt;class 'genie.libs.parser.iosxe.show_interface.ShowIpv6Interface'&gt;
Parser Output is empty</msg>
<msg timestamp="20210118 17:24:04.982" level="INFO">+====================================================================================================================================================+</msg>
<msg timestamp="20210118 17:24:04.982" level="INFO">| Commands for learning feature 'Interface'                                                                                                          |</msg>
<msg timestamp="20210118 17:24:04.983" level="INFO">+====================================================================================================================================================+</msg>
<msg timestamp="20210118 17:24:04.983" level="INFO">| - Parsed commands                                                                                                                                  |</msg>
<msg timestamp="20210118 17:24:04.983" level="INFO">|----------------------------------------------------------------------------------------------------------------------------------------------------|</msg>
<msg timestamp="20210118 17:24:04.983" level="INFO">|   cmd: &lt;class 'genie.libs.parser.iosxe.show_interface.ShowInterfaces'&gt;, arguments: {'interface':''}                                                |</msg>
<msg timestamp="20210118 17:24:04.983" level="INFO">|   cmd: &lt;class 'genie.libs.parser.iosxe.show_interface.ShowInterfacesAccounting'&gt;, arguments: {'interface':''}                                      |</msg>
<msg timestamp="20210118 17:24:04.983" level="INFO">|   cmd: &lt;class 'genie.libs.parser.iosxe.show_interface.ShowIpInterface'&gt;, arguments: {'interface':''}                                               |</msg>
<msg timestamp="20210118 17:24:04.983" level="INFO">|====================================================================================================================================================|</msg>
<msg timestamp="20210118 17:24:04.983" level="INFO">| - Commands with empty output                                                                                                                       |</msg>
<msg timestamp="20210118 17:24:04.983" level="INFO">|----------------------------------------------------------------------------------------------------------------------------------------------------|</msg>
<msg timestamp="20210118 17:24:04.983" level="INFO">|   cmd: &lt;class 'genie.libs.parser.iosxe.show_vrf.ShowVrf'&gt;, arguments: {'vrf':''}                                                                   |</msg>
<msg timestamp="20210118 17:24:04.983" level="INFO">|   cmd: &lt;class 'genie.libs.parser.iosxe.show_interface.ShowIpv6Interface'&gt;, arguments: {'interface':''}                                             |</msg>
<msg timestamp="20210118 17:24:04.983" level="INFO">|====================================================================================================================================================|</msg>
<msg timestamp="20210118 17:24:05.032" level="INFO">Start learning feature routing</msg>
<msg timestamp="20210118 17:24:06.074" level="INFO">Could not learn &lt;class 'genie.libs.parser.iosxe.show_routing.ShowIpv6RouteDistributor'&gt;
Show Command: ['show ipv6 route vrf {vrf}', 'show ipv6 route vrf {vrf} {protocol}', 'show ipv6 route', 'show ipv6 route {protocol}', 'show ipv6 route interface {interface}']
Parser Output is empty</msg>
<msg timestamp="20210118 17:24:06.075" level="INFO">+====================================================================================================================================================+</msg>
<msg timestamp="20210118 17:24:06.075" level="INFO">| Commands for learning feature 'Routing'                                                                                                            |</msg>
<msg timestamp="20210118 17:24:06.075" level="INFO">+====================================================================================================================================================+</msg>
<msg timestamp="20210118 17:24:06.075" level="INFO">| - Parsed commands                                                                                                                                  |</msg>
<msg timestamp="20210118 17:24:06.075" level="INFO">|----------------------------------------------------------------------------------------------------------------------------------------------------|</msg>
<msg timestamp="20210118 17:24:06.075" level="INFO">|   cmd: &lt;class 'genie.libs.parser.iosxe.show_routing.ShowIpRouteDistributor'&gt;                                                                       |</msg>
<msg timestamp="20210118 17:24:06.076" level="INFO">|====================================================================================================================================================|</msg>
<msg timestamp="20210118 17:24:06.076" level="INFO">| - Commands with empty output                                                                                                                       |</msg>
<msg timestamp="20210118 17:24:06.076" level="INFO">|----------------------------------------------------------------------------------------------------------------------------------------------------|</msg>
<msg timestamp="20210118 17:24:06.076" level="INFO">|   cmd: &lt;class 'genie.libs.parser.iosxe.show_routing.ShowIpv6RouteDistributor'&gt;                                                                     |</msg>
<msg timestamp="20210118 17:24:06.076" level="INFO">|====================================================================================================================================================|</msg>
<msg timestamp="20210118 17:24:06.095" level="INFO">Start learning feature ospf</msg>
<msg timestamp="20210118 17:24:35.816" level="INFO">Could not learn &lt;class 'genie.libs.parser.ios.show_ospf.ShowIpOspfVirtualLinks'&gt;
Show Command: show ip ospf virtual-links
Parser Output is empty</msg>
<msg timestamp="20210118 17:25:11.204" level="INFO">Could not learn &lt;class 'genie.libs.parser.ios.show_ospf.ShowIpOspfShamLinks'&gt;
Show Command: show ip ospf sham-links
Parser Output is empty</msg>
<msg timestamp="20210118 17:25:11.205" level="INFO">+====================================================================================================================================================+</msg>
<msg timestamp="20210118 17:25:11.205" level="INFO">| Commands for learning feature 'Ospf'                                                                                                               |</msg>
<msg timestamp="20210118 17:25:11.205" level="INFO">+====================================================================================================================================================+</msg>
<msg timestamp="20210118 17:25:11.205" level="INFO">| - Parsed commands                                                                                                                                  |</msg>
<msg timestamp="20210118 17:25:11.205" level="INFO">|----------------------------------------------------------------------------------------------------------------------------------------------------|</msg>
<msg timestamp="20210118 17:25:11.205" level="INFO">|   cmd: &lt;class 'genie.libs.parser.ios.show_ospf.ShowIpOspf'&gt;                                                                                        |</msg>
<msg timestamp="20210118 17:25:11.205" level="INFO">|   cmd: &lt;class 'genie.libs.parser.iosxe.show_protocols.ShowIpProtocols'&gt;, arguments: {'vrf':''}                                                     |</msg>
<msg timestamp="20210118 17:25:11.205" level="INFO">|   cmd: &lt;class 'genie.libs.parser.ios.show_ospf.ShowIpOspfMplsLdpInterface'&gt;, arguments: {'interface':''}                                           |</msg>
<msg timestamp="20210118 17:25:11.205" level="INFO">|   cmd: &lt;class 'genie.libs.parser.ios.show_ospf.ShowIpOspfMplsTrafficEngLink'&gt;                                                                      |</msg>
<msg timestamp="20210118 17:25:11.205" level="INFO">|   cmd: &lt;class 'genie.libs.parser.ios.show_ospf.ShowIpOspfDatabaseRouter'&gt;                                                                          |</msg>
<msg timestamp="20210118 17:25:11.206" level="INFO">|   cmd: &lt;class 'genie.libs.parser.ios.show_ospf.ShowIpOspfDatabaseNetwork'&gt;                                                                         |</msg>
<msg timestamp="20210118 17:25:11.206" level="INFO">|   cmd: &lt;class 'genie.libs.parser.ios.show_ospf.ShowIpOspfDatabaseExternal'&gt;                                                                        |</msg>
<msg timestamp="20210118 17:25:11.206" level="INFO">|   cmd: &lt;class 'genie.libs.parser.ios.show_ospf.ShowIpOspfDatabaseSummary'&gt;                                                                         |</msg>
<msg timestamp="20210118 17:25:11.206" level="INFO">|   cmd: &lt;class 'genie.libs.parser.ios.show_ospf.ShowIpOspfDatabaseOpaqueArea'&gt;                                                                      |</msg>
<msg timestamp="20210118 17:25:11.206" level="INFO">|   cmd: &lt;class 'genie.libs.parser.ios.show_ospf.ShowIpOspfInterface'&gt;, arguments: {'interface':''}                                                  |</msg>
<msg timestamp="20210118 17:25:11.206" level="INFO">|   cmd: &lt;class 'genie.libs.parser.ios.show_ospf.ShowIpOspfNeighborDetail'&gt;, arguments: {'neighbor':''}                                              |</msg>
<msg timestamp="20210118 17:25:11.206" level="INFO">|====================================================================================================================================================|</msg>
<msg timestamp="20210118 17:25:11.206" level="INFO">| - Commands with empty output                                                                                                                       |</msg>
<msg timestamp="20210118 17:25:11.206" level="INFO">|----------------------------------------------------------------------------------------------------------------------------------------------------|</msg>
<msg timestamp="20210118 17:25:11.206" level="INFO">|   cmd: &lt;class 'genie.libs.parser.ios.show_ospf.ShowIpOspfVirtualLinks'&gt;                                                                            |</msg>
<msg timestamp="20210118 17:25:11.206" level="INFO">|   cmd: &lt;class 'genie.libs.parser.ios.show_ospf.ShowIpOspfShamLinks'&gt;                                                                               |</msg>
<msg timestamp="20210118 17:25:11.206" level="INFO">|====================================================================================================================================================|</msg>
<msg timestamp="20210118 17:25:11.377" level="INFO">Start learning feature bgp</msg>
<msg timestamp="20210118 17:25:13.078" level="INFO">Could not learn &lt;class 'genie.libs.parser.ios.show_bgp.ShowIpBgpTemplatePeerSession'&gt;
Show Command: show ip bgp template peer-session
Parser Output is empty</msg>
<msg timestamp="20210118 17:25:13.930" level="INFO">Could not learn &lt;class 'genie.libs.parser.ios.show_bgp.ShowIpBgpTemplatePeerPolicy'&gt;
Show Command: show ip bgp template peer-policy
Parser Output is empty</msg>
<msg timestamp="20210118 17:25:16.216" level="INFO">Could not learn &lt;class 'genie.libs.parser.ios.show_bgp.ShowIpBgpAllDampeningParameters'&gt;
Show Command: show ip bgp all dampening parameters
Parser Output is empty</msg>
<msg timestamp="20210118 17:25:25.861" level="INFO">+====================================================================================================================================================+</msg>
<msg timestamp="20210118 17:25:25.861" level="INFO">| Commands for learning feature 'Bgp'                                                                                                                |</msg>
<msg timestamp="20210118 17:25:25.861" level="INFO">+====================================================================================================================================================+</msg>
<msg timestamp="20210118 17:25:25.861" level="INFO">| - Parsed commands                                                                                                                                  |</msg>
<msg timestamp="20210118 17:25:25.861" level="INFO">|----------------------------------------------------------------------------------------------------------------------------------------------------|</msg>
<msg timestamp="20210118 17:25:25.862" level="INFO">|   cmd: &lt;class 'genie.libs.parser.ios.show_bgp.ShowBgpAllSummary'&gt;, arguments: {'address_family':'','vrf':''}                                       |</msg>
<msg timestamp="20210118 17:25:25.862" level="INFO">|   cmd: &lt;class 'genie.libs.parser.ios.show_bgp.ShowBgpAllClusterIds'&gt;                                                                               |</msg>
<msg timestamp="20210118 17:25:25.862" level="INFO">|   cmd: &lt;class 'genie.libs.parser.ios.show_bgp.ShowBgpAllNeighbors'&gt;, arguments: {'address_family':'','neighbor':''}                                |</msg>
<msg timestamp="20210118 17:25:25.862" level="INFO">|   cmd: &lt;class 'genie.libs.parser.ios.show_bgp.ShowBgpAllNeighborsPolicy'&gt;, arguments: {'neighbor':'192.168.0.2'}                                   |</msg>
<msg timestamp="20210118 17:25:25.862" level="INFO">|   cmd: &lt;class 'genie.libs.parser.ios.show_bgp.ShowBgpAll'&gt;, arguments: {'address_family':''}                                                       |</msg>
<msg timestamp="20210118 17:25:25.862" level="INFO">|   cmd: &lt;class 'genie.libs.parser.ios.show_bgp.ShowBgpAllDetail'&gt;, arguments: {'address_family':'','vrf':''}                                        |</msg>
<msg timestamp="20210118 17:25:25.862" level="INFO">|   cmd: &lt;class 'genie.libs.parser.ios.show_bgp.ShowBgpAllNeighborsAdvertisedRoutes'&gt;, arguments: {'address_family':'','neighbor':'192.168.0.2'}     |</msg>
<msg timestamp="20210118 17:25:25.862" level="INFO">|   cmd: &lt;class 'genie.libs.parser.ios.show_bgp.ShowBgpAllNeighborsRoutes'&gt;, arguments: {'address_family':'','neighbor':'192.168.0.2'}               |</msg>
<msg timestamp="20210118 17:25:25.862" level="INFO">|   cmd: &lt;class 'genie.libs.parser.ios.show_bgp.ShowBgpAllNeighborsReceivedRoutes'&gt;, arguments: {'address_family':'','neighbor':'192.168.0.2'}       |</msg>
<msg timestamp="20210118 17:25:25.862" level="INFO">|====================================================================================================================================================|</msg>
<msg timestamp="20210118 17:25:25.862" level="INFO">| - Commands with empty output                                                                                                                       |</msg>
<msg timestamp="20210118 17:25:25.862" level="INFO">|----------------------------------------------------------------------------------------------------------------------------------------------------|</msg>
<msg timestamp="20210118 17:25:25.862" level="INFO">|   cmd: &lt;class 'genie.libs.parser.ios.show_bgp.ShowIpBgpTemplatePeerSession'&gt;                                                                       |</msg>
<msg timestamp="20210118 17:25:25.863" level="INFO">|   cmd: &lt;class 'genie.libs.parser.ios.show_bgp.ShowIpBgpTemplatePeerPolicy'&gt;                                                                        |</msg>
<msg timestamp="20210118 17:25:25.863" level="INFO">|   cmd: &lt;class 'genie.libs.parser.ios.show_bgp.ShowIpBgpAllDampeningParameters'&gt;                                                                    |</msg>
<msg timestamp="20210118 17:25:25.863" level="INFO">|====================================================================================================================================================|</msg>
<msg timestamp="20210118 17:25:25.865" level="INFO">Start learning feature platform</msg>
<msg timestamp="20210118 17:25:27.075" level="INFO">+====================================================================================================================================================+</msg>
<msg timestamp="20210118 17:25:27.075" level="INFO">| Commands for learning feature 'Platform'                                                                                                           |</msg>
<msg timestamp="20210118 17:25:27.075" level="INFO">+====================================================================================================================================================+</msg>
<msg timestamp="20210118 17:25:27.075" level="INFO">| - Parsed commands                                                                                                                                  |</msg>
<msg timestamp="20210118 17:25:27.075" level="INFO">|----------------------------------------------------------------------------------------------------------------------------------------------------|</msg>
<msg timestamp="20210118 17:25:27.075" level="INFO">|   cmd: &lt;class 'genie.libs.parser.ios.show_platform.ShowVersion'&gt;                                                                                   |</msg>
<msg timestamp="20210118 17:25:27.075" level="INFO">|   cmd: &lt;class 'genie.libs.parser.ios.show_platform.Dir'&gt;                                                                                           |</msg>
<msg timestamp="20210118 17:25:27.075" level="INFO">|   cmd: &lt;class 'genie.libs.parser.ios.show_platform.ShowInventory'&gt;                                                                                 |</msg>
<msg timestamp="20210118 17:25:27.075" level="INFO">|====================================================================================================================================================|</msg>
<msg timestamp="20210118 17:25:27.076" level="INFO">Start learning feature interface</msg>
<msg timestamp="20210118 17:25:27.366" level="INFO">Could not learn &lt;class 'genie.libs.parser.iosxe.show_vrf.ShowVrf'&gt;
Parser Output is empty</msg>
<msg timestamp="20210118 17:25:29.949" level="INFO">Could not learn &lt;class 'genie.libs.parser.iosxe.show_interface.ShowIpv6Interface'&gt;
Parser Output is empty</msg>
<msg timestamp="20210118 17:25:29.950" level="INFO">+====================================================================================================================================================+</msg>
<msg timestamp="20210118 17:25:29.950" level="INFO">| Commands for learning feature 'Interface'                                                                                                          |</msg>
<msg timestamp="20210118 17:25:29.950" level="INFO">+====================================================================================================================================================+</msg>
<msg timestamp="20210118 17:25:29.950" level="INFO">| - Parsed commands                                                                                                                                  |</msg>
<msg timestamp="20210118 17:25:29.950" level="INFO">|----------------------------------------------------------------------------------------------------------------------------------------------------|</msg>
<msg timestamp="20210118 17:25:29.950" level="INFO">|   cmd: &lt;class 'genie.libs.parser.iosxe.show_interface.ShowInterfaces'&gt;, arguments: {'interface':''}                                                |</msg>
<msg timestamp="20210118 17:25:29.950" level="INFO">|   cmd: &lt;class 'genie.libs.parser.iosxe.show_interface.ShowInterfacesAccounting'&gt;, arguments: {'interface':''}                                      |</msg>
<msg timestamp="20210118 17:25:29.950" level="INFO">|   cmd: &lt;class 'genie.libs.parser.iosxe.show_interface.ShowIpInterface'&gt;, arguments: {'interface':''}                                               |</msg>
<msg timestamp="20210118 17:25:29.950" level="INFO">|====================================================================================================================================================|</msg>
<msg timestamp="20210118 17:25:29.950" level="INFO">| - Commands with empty output                                                                                                                       |</msg>
<msg timestamp="20210118 17:25:29.950" level="INFO">|----------------------------------------------------------------------------------------------------------------------------------------------------|</msg>
<msg timestamp="20210118 17:25:29.951" level="INFO">|   cmd: &lt;class 'genie.libs.parser.iosxe.show_vrf.ShowVrf'&gt;, arguments: {'vrf':''}                                                                   |</msg>
<msg timestamp="20210118 17:25:29.951" level="INFO">|   cmd: &lt;class 'genie.libs.parser.iosxe.show_interface.ShowIpv6Interface'&gt;, arguments: {'interface':''}                                             |</msg>
<msg timestamp="20210118 17:25:29.951" level="INFO">|====================================================================================================================================================|</msg>
<msg timestamp="20210118 17:25:29.997" level="INFO">Start learning feature routing</msg>
<msg timestamp="20210118 17:25:30.999" level="INFO">Could not learn &lt;class 'genie.libs.parser.iosxe.show_routing.ShowIpv6RouteDistributor'&gt;
Show Command: ['show ipv6 route vrf {vrf}', 'show ipv6 route vrf {vrf} {protocol}', 'show ipv6 route', 'show ipv6 route {protocol}', 'show ipv6 route interface {interface}']
Parser Output is empty</msg>
<msg timestamp="20210118 17:25:31.000" level="INFO">+====================================================================================================================================================+</msg>
<msg timestamp="20210118 17:25:31.000" level="INFO">| Commands for learning feature 'Routing'                                                                                                            |</msg>
<msg timestamp="20210118 17:25:31.000" level="INFO">+====================================================================================================================================================+</msg>
<msg timestamp="20210118 17:25:31.000" level="INFO">| - Parsed commands                                                                                                                                  |</msg>
<msg timestamp="20210118 17:25:31.000" level="INFO">|----------------------------------------------------------------------------------------------------------------------------------------------------|</msg>
<msg timestamp="20210118 17:25:31.000" level="INFO">|   cmd: &lt;class 'genie.libs.parser.iosxe.show_routing.ShowIpRouteDistributor'&gt;                                                                       |</msg>
<msg timestamp="20210118 17:25:31.001" level="INFO">|====================================================================================================================================================|</msg>
<msg timestamp="20210118 17:25:31.001" level="INFO">| - Commands with empty output                                                                                                                       |</msg>
<msg timestamp="20210118 17:25:31.001" level="INFO">|----------------------------------------------------------------------------------------------------------------------------------------------------|</msg>
<msg timestamp="20210118 17:25:31.001" level="INFO">|   cmd: &lt;class 'genie.libs.parser.iosxe.show_routing.ShowIpv6RouteDistributor'&gt;                                                                     |</msg>
<msg timestamp="20210118 17:25:31.001" level="INFO">|====================================================================================================================================================|</msg>
<msg timestamp="20210118 17:25:31.019" level="INFO">Start learning feature ospf</msg>
<msg timestamp="20210118 17:25:59.656" level="INFO">Could not learn &lt;class 'genie.libs.parser.ios.show_ospf.ShowIpOspfVirtualLinks'&gt;
Show Command: show ip ospf virtual-links
Parser Output is empty</msg>
<msg timestamp="20210118 17:26:36.208" level="INFO">Could not learn &lt;class 'genie.libs.parser.ios.show_ospf.ShowIpOspfShamLinks'&gt;
Show Command: show ip ospf sham-links
Parser Output is empty</msg>
<msg timestamp="20210118 17:26:36.209" level="INFO">+====================================================================================================================================================+</msg>
<msg timestamp="20210118 17:26:36.209" level="INFO">| Commands for learning feature 'Ospf'                                                                                                               |</msg>
<msg timestamp="20210118 17:26:36.209" level="INFO">+====================================================================================================================================================+</msg>
<msg timestamp="20210118 17:26:36.209" level="INFO">| - Parsed commands                                                                                                                                  |</msg>
<msg timestamp="20210118 17:26:36.209" level="INFO">|----------------------------------------------------------------------------------------------------------------------------------------------------|</msg>
<msg timestamp="20210118 17:26:36.209" level="INFO">|   cmd: &lt;class 'genie.libs.parser.ios.show_ospf.ShowIpOspf'&gt;                                                                                        |</msg>
<msg timestamp="20210118 17:26:36.209" level="INFO">|   cmd: &lt;class 'genie.libs.parser.iosxe.show_protocols.ShowIpProtocols'&gt;, arguments: {'vrf':''}                                                     |</msg>
<msg timestamp="20210118 17:26:36.209" level="INFO">|   cmd: &lt;class 'genie.libs.parser.ios.show_ospf.ShowIpOspfMplsLdpInterface'&gt;, arguments: {'interface':''}                                           |</msg>
<msg timestamp="20210118 17:26:36.210" level="INFO">|   cmd: &lt;class 'genie.libs.parser.ios.show_ospf.ShowIpOspfMplsTrafficEngLink'&gt;                                                                      |</msg>
<msg timestamp="20210118 17:26:36.210" level="INFO">|   cmd: &lt;class 'genie.libs.parser.ios.show_ospf.ShowIpOspfDatabaseRouter'&gt;                                                                          |</msg>
<msg timestamp="20210118 17:26:36.210" level="INFO">|   cmd: &lt;class 'genie.libs.parser.ios.show_ospf.ShowIpOspfDatabaseNetwork'&gt;                                                                         |</msg>
<msg timestamp="20210118 17:26:36.210" level="INFO">|   cmd: &lt;class 'genie.libs.parser.ios.show_ospf.ShowIpOspfDatabaseExternal'&gt;                                                                        |</msg>
<msg timestamp="20210118 17:26:36.210" level="INFO">|   cmd: &lt;class 'genie.libs.parser.ios.show_ospf.ShowIpOspfDatabaseSummary'&gt;                                                                         |</msg>
<msg timestamp="20210118 17:26:36.210" level="INFO">|   cmd: &lt;class 'genie.libs.parser.ios.show_ospf.ShowIpOspfDatabaseOpaqueArea'&gt;                                                                      |</msg>
<msg timestamp="20210118 17:26:36.210" level="INFO">|   cmd: &lt;class 'genie.libs.parser.ios.show_ospf.ShowIpOspfInterface'&gt;, arguments: {'interface':''}                                                  |</msg>
<msg timestamp="20210118 17:26:36.211" level="INFO">|   cmd: &lt;class 'genie.libs.parser.ios.show_ospf.ShowIpOspfNeighborDetail'&gt;, arguments: {'neighbor':''}                                              |</msg>
<msg timestamp="20210118 17:26:36.211" level="INFO">|====================================================================================================================================================|</msg>
<msg timestamp="20210118 17:26:36.211" level="INFO">| - Commands with empty output                                                                                                                       |</msg>
<msg timestamp="20210118 17:26:36.211" level="INFO">|----------------------------------------------------------------------------------------------------------------------------------------------------|</msg>
<msg timestamp="20210118 17:26:36.211" level="INFO">|   cmd: &lt;class 'genie.libs.parser.ios.show_ospf.ShowIpOspfVirtualLinks'&gt;                                                                            |</msg>
<msg timestamp="20210118 17:26:36.211" level="INFO">|   cmd: &lt;class 'genie.libs.parser.ios.show_ospf.ShowIpOspfShamLinks'&gt;                                                                               |</msg>
<msg timestamp="20210118 17:26:36.211" level="INFO">|====================================================================================================================================================|</msg>
<msg timestamp="20210118 17:26:36.382" level="INFO">Start learning feature bgp</msg>
<msg timestamp="20210118 17:26:38.099" level="INFO">Could not learn &lt;class 'genie.libs.parser.ios.show_bgp.ShowIpBgpTemplatePeerSession'&gt;
Show Command: show ip bgp template peer-session
Parser Output is empty</msg>
<msg timestamp="20210118 17:26:38.871" level="INFO">Could not learn &lt;class 'genie.libs.parser.ios.show_bgp.ShowIpBgpTemplatePeerPolicy'&gt;
Show Command: show ip bgp template peer-policy
Parser Output is empty</msg>
<msg timestamp="20210118 17:26:41.289" level="INFO">Could not learn &lt;class 'genie.libs.parser.ios.show_bgp.ShowIpBgpAllDampeningParameters'&gt;
Show Command: show ip bgp all dampening parameters
Parser Output is empty</msg>
<msg timestamp="20210118 17:26:50.790" level="INFO">+====================================================================================================================================================+</msg>
<msg timestamp="20210118 17:26:50.790" level="INFO">| Commands for learning feature 'Bgp'                                                                                                                |</msg>
<msg timestamp="20210118 17:26:50.790" level="INFO">+====================================================================================================================================================+</msg>
<msg timestamp="20210118 17:26:50.790" level="INFO">| - Parsed commands                                                                                                                                  |</msg>
<msg timestamp="20210118 17:26:50.790" level="INFO">|----------------------------------------------------------------------------------------------------------------------------------------------------|</msg>
<msg timestamp="20210118 17:26:50.790" level="INFO">|   cmd: &lt;class 'genie.libs.parser.ios.show_bgp.ShowBgpAllSummary'&gt;, arguments: {'address_family':'','vrf':''}                                       |</msg>
<msg timestamp="20210118 17:26:50.790" level="INFO">|   cmd: &lt;class 'genie.libs.parser.ios.show_bgp.ShowBgpAllClusterIds'&gt;                                                                               |</msg>
<msg timestamp="20210118 17:26:50.790" level="INFO">|   cmd: &lt;class 'genie.libs.parser.ios.show_bgp.ShowBgpAllNeighbors'&gt;, arguments: {'address_family':'','neighbor':''}                                |</msg>
<msg timestamp="20210118 17:26:50.790" level="INFO">|   cmd: &lt;class 'genie.libs.parser.ios.show_bgp.ShowBgpAllNeighborsPolicy'&gt;, arguments: {'neighbor':'192.168.0.1'}                                   |</msg>
<msg timestamp="20210118 17:26:50.790" level="INFO">|   cmd: &lt;class 'genie.libs.parser.ios.show_bgp.ShowBgpAll'&gt;, arguments: {'address_family':''}                                                       |</msg>
<msg timestamp="20210118 17:26:50.790" level="INFO">|   cmd: &lt;class 'genie.libs.parser.ios.show_bgp.ShowBgpAllDetail'&gt;, arguments: {'address_family':'','vrf':''}                                        |</msg>
<msg timestamp="20210118 17:26:50.791" level="INFO">|   cmd: &lt;class 'genie.libs.parser.ios.show_bgp.ShowBgpAllNeighborsAdvertisedRoutes'&gt;, arguments: {'address_family':'','neighbor':'192.168.0.1'}     |</msg>
<msg timestamp="20210118 17:26:50.791" level="INFO">|   cmd: &lt;class 'genie.libs.parser.ios.show_bgp.ShowBgpAllNeighborsRoutes'&gt;, arguments: {'address_family':'','neighbor':'192.168.0.1'}               |</msg>
<msg timestamp="20210118 17:26:50.791" level="INFO">|   cmd: &lt;class 'genie.libs.parser.ios.show_bgp.ShowBgpAllNeighborsReceivedRoutes'&gt;, arguments: {'address_family':'','neighbor':'192.168.0.1'}       |</msg>
<msg timestamp="20210118 17:26:50.791" level="INFO">|====================================================================================================================================================|</msg>
<msg timestamp="20210118 17:26:50.791" level="INFO">| - Commands with empty output                                                                                                                       |</msg>
<msg timestamp="20210118 17:26:50.791" level="INFO">|----------------------------------------------------------------------------------------------------------------------------------------------------|</msg>
<msg timestamp="20210118 17:26:50.791" level="INFO">|   cmd: &lt;class 'genie.libs.parser.ios.show_bgp.ShowIpBgpTemplatePeerSession'&gt;                                                                       |</msg>
<msg timestamp="20210118 17:26:50.791" level="INFO">|   cmd: &lt;class 'genie.libs.parser.ios.show_bgp.ShowIpBgpTemplatePeerPolicy'&gt;                                                                        |</msg>
<msg timestamp="20210118 17:26:50.791" level="INFO">|   cmd: &lt;class 'genie.libs.parser.ios.show_bgp.ShowIpBgpAllDampeningParameters'&gt;                                                                    |</msg>
<msg timestamp="20210118 17:26:50.791" level="INFO">|====================================================================================================================================================|</msg>
<msg timestamp="20210118 17:26:50.793" level="INFO">Start learning feature platform</msg>
<msg timestamp="20210118 17:26:52.102" level="INFO">+====================================================================================================================================================+</msg>
<msg timestamp="20210118 17:26:52.102" level="INFO">| Commands for learning feature 'Platform'                                                                                                           |</msg>
<msg timestamp="20210118 17:26:52.102" level="INFO">+====================================================================================================================================================+</msg>
<msg timestamp="20210118 17:26:52.102" level="INFO">| - Parsed commands                                                                                                                                  |</msg>
<msg timestamp="20210118 17:26:52.102" level="INFO">|----------------------------------------------------------------------------------------------------------------------------------------------------|</msg>
<msg timestamp="20210118 17:26:52.102" level="INFO">|   cmd: &lt;class 'genie.libs.parser.ios.show_platform.ShowVersion'&gt;                                                                                   |</msg>
<msg timestamp="20210118 17:26:52.102" level="INFO">|   cmd: &lt;class 'genie.libs.parser.ios.show_platform.Dir'&gt;                                                                                           |</msg>
<msg timestamp="20210118 17:26:52.102" level="INFO">|   cmd: &lt;class 'genie.libs.parser.ios.show_platform.ShowInventory'&gt;                                                                                 |</msg>
<msg timestamp="20210118 17:26:52.103" level="INFO">|====================================================================================================================================================|</msg>
<msg timestamp="20210118 17:26:52.103" level="INFO">Start learning feature interface</msg>
<msg timestamp="20210118 17:26:52.375" level="INFO">Could not learn &lt;class 'genie.libs.parser.iosxe.show_vrf.ShowVrf'&gt;
Parser Output is empty</msg>
<msg timestamp="20210118 17:26:55.420" level="INFO">Could not learn &lt;class 'genie.libs.parser.iosxe.show_interface.ShowIpv6Interface'&gt;
Parser Output is empty</msg>
<msg timestamp="20210118 17:26:55.421" level="INFO">+====================================================================================================================================================+</msg>
<msg timestamp="20210118 17:26:55.421" level="INFO">| Commands for learning feature 'Interface'                                                                                                          |</msg>
<msg timestamp="20210118 17:26:55.421" level="INFO">+====================================================================================================================================================+</msg>
<msg timestamp="20210118 17:26:55.421" level="INFO">| - Parsed commands                                                                                                                                  |</msg>
<msg timestamp="20210118 17:26:55.422" level="INFO">|----------------------------------------------------------------------------------------------------------------------------------------------------|</msg>
<msg timestamp="20210118 17:26:55.422" level="INFO">|   cmd: &lt;class 'genie.libs.parser.iosxe.show_interface.ShowInterfaces'&gt;, arguments: {'interface':''}                                                |</msg>
<msg timestamp="20210118 17:26:55.422" level="INFO">|   cmd: &lt;class 'genie.libs.parser.iosxe.show_interface.ShowInterfacesAccounting'&gt;, arguments: {'interface':''}                                      |</msg>
<msg timestamp="20210118 17:26:55.422" level="INFO">|   cmd: &lt;class 'genie.libs.parser.iosxe.show_interface.ShowIpInterface'&gt;, arguments: {'interface':''}                                               |</msg>
<msg timestamp="20210118 17:26:55.422" level="INFO">|====================================================================================================================================================|</msg>
<msg timestamp="20210118 17:26:55.422" level="INFO">| - Commands with empty output                                                                                                                       |</msg>
[...]
  BGP Policy Mapping is disabled
  Input features: MCI Check
  IPv4 WCCP Redirect outbound is disabled
  IPv4 WCCP Redirect inbound is disabled
  IPv4 WCCP Redirect exclude is disabled
Loopback0 is up, line protocol is up
  Internet address is 192.168.200.1/32
  Broadcast address is 255.255.255.255
  Address determined by non-volatile memory
  MTU is 1514 bytes
  Helper address is not set
  Directed broadcast forwarding is disabled
  Multicast reserved groups joined: 224.0.0.5
  Outgoing access list is not set
  Inbound  access list is not set
  Proxy ARP is enabled
  Local Proxy ARP is disabled
  Security level is default
  Split horizon is enabled
  ICMP redirects are always sent
  ICMP unreachables are always sent
  ICMP mask replies are never sent
  IP fast switching is enabled
  IP fast switching on the same interface is disabled
  IP Flow switching is disabled
  IP CEF switching is enabled
  IP CEF switching turbo vector
  IP Null turbo vector
  IP multicast fast switching is enabled
  IP multicast distributed fast switching is disabled
  IP route-cache flags are Fast, CEF
  Router Discovery is disabled
  IP output packet accounting is disabled
  IP access violation accounting is disabled
  TCP/IP header compression is disabled
  RTP/IP header compression is disabled
  Policy routing is disabled
  Network address translation is disabled
  BGP Policy Mapping is disabled
  Input features: MCI Check
  IPv4 WCCP Redirect outbound is disabled
  IPv4 WCCP Redirect inbound is disabled
  IPv4 WCCP Redirect exclude is disabled
SITE_B_CORE#

2021-01-18 17:26:54,636: %UNICON-INFO: +++ SITE_B_CORE: executing command 'show ipv6 interface' +++
show ipv6 interface
SITE_B_CORE#

2021-01-18 17:26:55,476: %UNICON-INFO: +++ SITE_B_CORE: executing command 'show ip route' +++
show ip route
Codes: L - local, C - connected, S - static, R - RIP, M - mobile, B - BGP
       D - EIGRP, EX - EIGRP external, O - OSPF, IA - OSPF inter area 
       N1 - OSPF NSSA external type 1, N2 - OSPF NSSA external type 2
       E1 - OSPF external type 1, E2 - OSPF external type 2
       i - IS-IS, su - IS-IS summary, L1 - IS-IS level-1, L2 - IS-IS level-2
       ia - IS-IS inter area, * - candidate default, U - per-user static route
       o - ODR, P - periodic downloaded static route, H - NHRP, l - LISP
       a - application route
       + - replicated route, % - next hop override, p - overrides from PfR

Gateway of last resort is not set

      10.0.0.0/24 is subnetted, 1 subnets
O E2     10.10.10.0 [110/1] via 172.16.2.2, 00:23:07, GigabitEthernet0/0
      20.0.0.0/8 is variably subnetted, 2 subnets, 2 masks
C        20.20.20.0/24 is directly connected, GigabitEthernet0/1
L        20.20.20.1/32 is directly connected, GigabitEthernet0/1
      172.16.0.0/16 is variably subnetted, 2 subnets, 2 masks
C        172.16.2.0/24 is directly connected, GigabitEthernet0/0
L        172.16.2.1/32 is directly connected, GigabitEthernet0/0
      192.168.126.0/24 is variably subnetted, 2 subnets, 2 masks
C        192.168.126.0/24 is directly connected, GigabitEthernet0/3
L        192.168.126.54/32 is directly connected, GigabitEthernet0/3
      192.168.200.0/32 is subnetted, 2 subnets
C        192.168.200.1 is directly connected, Loopback0
O        192.168.200.2 [110/2] via 172.16.2.2, 00:23:07, GigabitEthernet0/0
SITE_B_CORE#

2021-01-18 17:26:55,953: %UNICON-INFO: +++ SITE_B_CORE: executing command 'show ipv6 route' +++
show ipv6 route
SITE_B_CORE#

2021-01-18 17:26:56,680: %UNICON-INFO: +++ SITE_B_CORE: executing command 'show ip ospf' +++
show ip ospf
 Routing Process "ospf 2" with ID 192.168.200.1
 Start time: 00:02:13.924, Time elapsed: 00:27:33.835
 Supports only single TOS(TOS0) routes
 Supports opaque LSA
 Supports Link-local Signaling (LLS)
 Supports area transit capability
 Supports NSSA (compatible with RFC 3101)
 Supports Database Exchange Summary List Optimization (RFC 5243)
 Event-log enabled, Maximum number of events: 1000, Mode: cyclic
 Router is not originating router-LSAs with maximum metric
 Initial SPF schedule delay 5000 msecs
 Minimum hold time between two consecutive SPFs 10000 msecs
 Maximum wait time between two consecutive SPFs 10000 msecs
 Incremental-SPF disabled
 Minimum LSA interval 5 secs
 Minimum LSA arrival 1000 msecs
 LSA group pacing timer 240 secs
 Interface flood pacing timer 33 msecs
 Retransmission pacing timer 66 msecs
 EXCHANGE/LOADING adjacency limit: initial 300, process maximum 300
 Number of external LSA 1. Checksum Sum 0x00769F
 Number of opaque AS LSA 0. Checksum Sum 0x000000
 Number of DCbitless external and opaque AS LSA 0
 Number of DoNotAge external and opaque AS LSA 0
 Number of areas in this router is 1. 1 normal 0 stub 0 nssa
 Number of areas transit capable is 0
 External flood list length 0
 IETF NSF helper support enabled
 Cisco NSF helper support enabled
 Reference bandwidth unit is 100 mbps
    Area BACKBONE(0)
        Number of interfaces in this area is 3 (1 loopback)
	Area has no authentication
	SPF algorithm last executed 00:23:08.152 ago
	SPF algorithm executed 3 times
	Area ranges are
	Number of LSA 3. Checksum Sum 0x018D08
	Number of opaque link LSA 0. Checksum Sum 0x000000
	Number of DCbitless LSA 0
	Number of indication LSA 0
	Number of DoNotAge LSA 0
	Flood list length 0

SITE_B_CORE#

2021-01-18 17:26:57,254: %UNICON-INFO: +++ SITE_B_CORE: executing command 'show ip protocols' +++
show ip protocols
*** IP Routing is NSF aware ***

Routing Protocol is "application"
  Sending updates every 0 seconds
  Invalid after 0 seconds, hold down 0, flushed after 0
  Outgoing update filter list for all interfaces is not set
  Incoming update filter list for all interfaces is not set
  Maximum path: 32
  Routing for Networks:
  Routing Information Sources:
    Gateway         Distance      Last Update
  Distance: (default is 4)

Routing Protocol is "ospf 2"
  Outgoing update filter list for all interfaces is not set
  Incoming update filter list for all interfaces is not set
  Router ID 192.168.200.1
  Number of areas in this router is 1. 1 normal 0 stub 0 nssa
  Maximum path: 4
  Routing for Networks:
    20.20.20.0 0.0.0.255 area 0
    172.16.2.0 0.0.0.255 area 0
    192.168.200.1 0.0.0.0 area 0
  Routing Information Sources:
    Gateway         Distance      Last Update
    192.168.200.2        110      00:23:08
  Distance: (default is 110)

SITE_B_CORE#

2021-01-18 17:26:57,830: %UNICON-INFO: +++ SITE_B_CORE: executing command 'show running-config | section router ospf 2' +++
show running-config | section router ospf 2
router ospf 2
 router-id 192.168.200.1
 network 20.20.20.0 0.0.0.255 area 0
 network 172.16.2.0 0.0.0.255 area 0
 network 192.168.200.1 0.0.0.0 area 0
SITE_B_CORE#

2021-01-18 17:27:08,899: %UNICON-INFO: +++ SITE_B_CORE: executing command 'show ip ospf mpls ldp interface' +++
show ip ospf mpls ldp interface
Loopback0
  Process ID 2, Area 0
  LDP is not configured through LDP autoconfig
  LDP-IGP Synchronization : Not required
  Holddown timer is disabled
  Interface is up 
GigabitEthernet0/0
  Process ID 2, Area 0
  LDP is not configured through LDP autoconfig
  LDP-IGP Synchronization : Not required
  Holddown timer is disabled
  Interface is up 
GigabitEthernet0/1
  Process ID 2, Area 0
  LDP is not configured through LDP autoconfig
  LDP-IGP Synchronization : Not required
  Holddown timer is disabled
  Interface is up 
SITE_B_CORE#

2021-01-18 17:27:09,747: %UNICON-INFO: +++ SITE_B_CORE: executing command 'show ip ospf mpls traffic-eng link' +++
show ip ospf mpls traffic-eng link

            OSPF Router with ID (192.168.200.1) (Process ID 2)

  Area 0 MPLS TE not initialized
SITE_B_CORE#

2021-01-18 17:27:10,681: %UNICON-INFO: +++ SITE_B_CORE: executing command 'show running-config | section router ospf 2' +++
show running-config | section router ospf 2
router ospf 2
 router-id 192.168.200.1
 network 20.20.20.0 0.0.0.255 area 0
 network 172.16.2.0 0.0.0.255 area 0
 network 192.168.200.1 0.0.0.0 area 0
SITE_B_CORE#

2021-01-18 17:27:21,636: %UNICON-INFO: +++ SITE_B_CORE: executing command 'show ip ospf database router' +++
show ip ospf database router

            OSPF Router with ID (192.168.200.1) (Process ID 2)

		Router Link States (Area 0)

  LS age: 1411
  Options: (No TOS-capability, DC)
  LS Type: Router Links
  Link State ID: 192.168.200.1
  Advertising Router: 192.168.200.1
  LS Seq Number: 80000003
  Checksum: 0x2098
  Length: 60
  Number of Links: 3

    Link connected to: a Stub Network
     (Link ID) Network/subnet number: 192.168.200.1
     (Link Data) Network Mask: 255.255.255.255
      Number of MTID metrics: 0
       TOS 0 Metrics: 1

    Link connected to: a Transit Network
     (Link ID) Designated Router address: 172.16.2.2
     (Link Data) Router Interface address: 172.16.2.1
      Number of MTID metrics: 0
       TOS 0 Metrics: 1

    Link connected to: a Stub Network
     (Link ID) Network/subnet number: 20.20.20.0
     (Link Data) Network Mask: 255.255.255.0
      Number of MTID metrics: 0
       TOS 0 Metrics: 1


  LS age: 1412
  Options: (No TOS-capability, DC)
  LS Type: Router Links
  Link State ID: 192.168.200.2
  Advertising Router: 192.168.200.2
  LS Seq Number: 80000003
  Checksum: 0xF40B
  Length: 48
  AS Boundary Router
  Number of Links: 2

    Link connected to: a Stub Network
     (Link ID) Network/subnet number: 192.168.200.2
     (Link Data) Network Mask: 255.255.255.255
      Number of MTID metrics: 0
       TOS 0 Metrics: 1

    Link connected to: a Transit Network
     (Link ID) Designated Router address: 172.16.2.2
     (Link Data) Router Interface address: 172.16.2.2
      Number of MTID metrics: 0
       TOS 0 Metrics: 1


SITE_B_CORE#

2021-01-18 17:27:22,356: %UNICON-INFO: +++ SITE_B_CORE: executing command 'show ip ospf database network' +++
show ip ospf database network

            OSPF Router with ID (192.168.200.1) (Process ID 2)

		Net Link States (Area 0)

  LS age: 1412
  Options: (No TOS-capability, DC)
  LS Type: Network Links
  Link State ID: 172.16.2.2 (address of Designated Router)
  Advertising Router: 192.168.200.2
  LS Seq Number: 80000001
  Checksum: 0x7865
  Length: 32
  Network Mask: /24
	Attached Router: 192.168.200.2
	Attached Router: 192.168.200.1

SITE_B_CORE#

2021-01-18 17:27:23,106: %UNICON-INFO: +++ SITE_B_CORE: executing command 'show ip ospf database external' +++
show ip ospf database external

            OSPF Router with ID (192.168.200.1) (Process ID 2)

		Type-5 AS External Link States

  LS age: 1409
  Options: (No TOS-capability, DC, Upward)
  LS Type: AS External Link
  Link State ID: 10.10.10.0 (External Network Number )
  Advertising Router: 192.168.200.2
  LS Seq Number: 80000001
  Checksum: 0x769F
  Length: 36
  Network Mask: /24
	Metric Type: 2 (Larger than any link state path)
	MTID: 0 
	Metric: 1 
	Forward Address: 0.0.0.0
	External Route Tag: 65100

SITE_B_CORE#

2021-01-18 17:27:23,944: %UNICON-INFO: +++ SITE_B_CORE: executing command 'show ip ospf database summary' +++
show ip ospf database summary

            OSPF Router with ID (192.168.200.1) (Process ID 2)
SITE_B_CORE#

2021-01-18 17:27:24,656: %UNICON-INFO: +++ SITE_B_CORE: executing command 'show ip ospf database opaque-area' +++
show ip ospf database opaque-area

            OSPF Router with ID (192.168.200.1) (Process ID 2)
SITE_B_CORE#

2021-01-18 17:27:25,610: %UNICON-INFO: +++ SITE_B_CORE: executing command 'show ip ospf virtual-links' +++
show ip ospf virtual-links
SITE_B_CORE#

2021-01-18 17:27:26,391: %UNICON-INFO: +++ SITE_B_CORE: executing command 'show ip ospf interface' +++
show ip ospf interface
Loopback0 is up, line protocol is up 
  Internet Address 192.168.200.1/32, Area 0, Attached via Network Statement
  Process ID 2, Router ID 192.168.200.1, Network Type LOOPBACK, Cost: 1
  Topology-MTID    Cost    Disabled    Shutdown      Topology Name
        0           1         no          no            Base
  Loopback interface is treated as a stub Host
GigabitEthernet0/0 is up, line protocol is up 
  Internet Address 172.16.2.1/24, Area 0, Attached via Network Statement
  Process ID 2, Router ID 192.168.200.1, Network Type BROADCAST, Cost: 1
  Topology-MTID    Cost    Disabled    Shutdown      Topology Name
        0           1         no          no            Base
  Transmit Delay is 1 sec, State BDR, Priority 1
  Designated Router (ID) 192.168.200.2, Interface address 172.16.2.2
  Backup Designated router (ID) 192.168.200.1, Interface address 172.16.2.1
  Timer intervals configured, Hello 10, Dead 40, Wait 40, Retransmit 5
    oob-resync timeout 40
    Hello due in 00:00:07
  Supports Link-local Signaling (LLS)
  Cisco NSF helper support enabled
  IETF NSF helper support enabled
  Index 1/2/2, flood queue length 0
  Next 0x0(0)/0x0(0)/0x0(0)
  Last flood scan length is 1, maximum is 1
  Last flood scan time is 1 msec, maximum is 1 msec
  Neighbor Count is 1, Adjacent neighbor count is 1 
    Adjacent with neighbor 192.168.200.2  (Designated Router)
  Suppress hello for 0 neighbor(s)
GigabitEthernet0/1 is up, line protocol is up 
  Internet Address 20.20.20.1/24, Area 0, Attached via Network Statement
  Process ID 2, Router ID 192.168.200.1, Network Type BROADCAST, Cost: 1
  Topology-MTID    Cost    Disabled    Shutdown      Topology Name
        0           1         no          no            Base
  Transmit Delay is 1 sec, State DR, Priority 1
  Designated Router (ID) 192.168.200.1, Interface address 20.20.20.1
  No backup designated router on this network
  Timer intervals configured, Hello 10, Dead 40, Wait 40, Retransmit 5
    oob-resync timeout 40
    Hello due in 00:00:07
  Supports Link-local Signaling (LLS)
  Cisco NSF helper support enabled
  IETF NSF helper support enabled
  Index 1/1/1, flood queue length 0
  Next 0x0(0)/0x0(0)/0x0(0)
  Last flood scan length is 0, maximum is 0
  Last flood scan time is 0 msec, maximum is 0 msec
  Neighbor Count is 0, Adjacent neighbor count is 0 
  Suppress hello for 0 neighbor(s)
SITE_B_CORE#

2021-01-18 17:27:27,048: %UNICON-INFO: +++ SITE_B_CORE: executing command 'show running-config | section router ospf 2' +++
show running-config | section router ospf 2
router ospf 2
 router-id 192.168.200.1
 network 20.20.20.0 0.0.0.255 area 0
 network 172.16.2.0 0.0.0.255 area 0
 network 192.168.200.1 0.0.0.0 area 0
SITE_B_CORE#

2021-01-18 17:27:37,921: %UNICON-INFO: +++ SITE_B_CORE: executing command 'show running-config | section router ospf 2' +++
show running-config | section router ospf 2
router ospf 2
 router-id 192.168.200.1
 network 20.20.20.0 0.0.0.255 area 0
 network 172.16.2.0 0.0.0.255 area 0
 network 192.168.200.1 0.0.0.0 area 0
SITE_B_CORE#

2021-01-18 17:27:48,957: %UNICON-INFO: +++ SITE_B_CORE: executing command 'show running-config | section router ospf 2' +++
show running-config | section router ospf 2
router ospf 2
 router-id 192.168.200.1
 network 20.20.20.0 0.0.0.255 area 0
 network 172.16.2.0 0.0.0.255 area 0
 network 192.168.200.1 0.0.0.0 area 0
SITE_B_CORE#

2021-01-18 17:27:59,956: %UNICON-INFO: +++ SITE_B_CORE: executing command 'show ip ospf neighbor detail' +++
show ip ospf neighbor detail
 Neighbor 192.168.200.2, interface address 172.16.2.2
    In the area 0 via interface GigabitEthernet0/0
    Neighbor priority is 1, State is FULL, 6 state changes
    DR is 172.16.2.2 BDR is 172.16.2.1
    Options is 0x12 in Hello (E-bit, L-bit)
    Options is 0x52 in DBD (E-bit, L-bit, O-bit)
    LLS Options is 0x1 (LR)
    Dead timer due in 00:00:35
    Neighbor is up for 00:24:36
    Index 1/1/1, retransmission queue length 0, number of retransmission 0
    First 0x0(0)/0x0(0)/0x0(0) Next 0x0(0)/0x0(0)/0x0(0)
    Last retransmission scan length is 0, maximum is 0
    Last retransmission scan time is 0 msec, maximum is 0 msec
SITE_B_CORE#

2021-01-18 17:28:00,787: %UNICON-INFO: +++ SITE_B_CORE: executing command 'show ip ospf interface GigabitEthernet0/0' +++
show ip ospf interface GigabitEthernet0/0
GigabitEthernet0/0 is up, line protocol is up 
  Internet Address 172.16.2.1/24, Area 0, Attached via Network Statement
  Process ID 2, Router ID 192.168.200.1, Network Type BROADCAST, Cost: 1
  Topology-MTID    Cost    Disabled    Shutdown      Topology Name
        0           1         no          no            Base
  Transmit Delay is 1 sec, State BDR, Priority 1
  Designated Router (ID) 192.168.200.2, Interface address 172.16.2.2
  Backup Designated router (ID) 192.168.200.1, Interface address 172.16.2.1
  Timer intervals configured, Hello 10, Dead 40, Wait 40, Retransmit 5
    oob-resync timeout 40
    Hello due in 00:00:01
  Supports Link-local Signaling (LLS)
  Cisco NSF helper support enabled
  IETF NSF helper support enabled
  Index 1/2/2, flood queue length 0
  Next 0x0(0)/0x0(0)/0x0(0)
  Last flood scan length is 1, maximum is 1
  Last flood scan time is 1 msec, maximum is 1 msec
  Neighbor Count is 1, Adjacent neighbor count is 1 
    Adjacent with neighbor 192.168.200.2  (Designated Router)
  Suppress hello for 0 neighbor(s)
SITE_B_CORE#

2021-01-18 17:28:01,905: %UNICON-INFO: +++ SITE_B_CORE: executing command 'show running-config | section router ospf 2' +++
show running-config | section router ospf 2
router ospf 2
 router-id 192.168.200.1
 network 20.20.20.0 0.0.0.255 area 0
 network 172.16.2.0 0.0.0.255 area 0
 network 192.168.200.1 0.0.0.0 area 0
SITE_B_CORE#

2021-01-18 17:28:12,559: %UNICON-INFO: +++ SITE_B_CORE: executing command 'show ip ospf sham-links' +++
show ip ospf sham-links
SITE_B_CORE#

2021-01-18 17:28:13,624: %UNICON-INFO: +++ SITE_B_CORE: executing command 'show bgp all summary' +++
show bgp all summary
% BGP not active

SITE_B_CORE#

2021-01-18 17:28:14,137: %UNICON-INFO: +++ SITE_B_CORE: executing command 'show ip bgp template peer-session' +++
show ip bgp template peer-session
No templates configured

SITE_B_CORE#

2021-01-18 17:28:14,933: %UNICON-INFO: +++ SITE_B_CORE: executing command 'show ip bgp template peer-policy' +++
show ip bgp template peer-policy
No templates configured

SITE_B_CORE#

2021-01-18 17:28:15,855: %UNICON-INFO: +++ SITE_B_CORE: executing command 'show vrf detail | inc \(VRF' +++
show vrf detail | inc \(VRF
SITE_B_CORE#

2021-01-18 17:28:16,612: %UNICON-INFO: +++ SITE_B_CORE: executing command 'show bgp all cluster-ids' +++
show bgp all cluster-ids
% BGP not active

SITE_B_CORE#

2021-01-18 17:28:17,445: %UNICON-INFO: +++ SITE_B_CORE: executing command 'show ip bgp all dampening parameters' +++
show ip bgp all dampening parameters
% BGP not active

SITE_B_CORE#

2021-01-18 17:28:18,603: %UNICON-INFO: +++ SITE_B_CORE: executing command 'show bgp all neighbors' +++
show bgp all neighbors
% BGP not active

SITE_B_CORE#

2021-01-18 17:28:19,370: %UNICON-INFO: +++ SITE_B_CORE: executing command 'show bgp all' +++
show bgp all
% BGP not active

SITE_B_CORE#

2021-01-18 17:28:19,775: %UNICON-INFO: +++ SITE_B_CORE: executing command 'show bgp all detail' +++
show bgp all detail
% BGP not active

SITE_B_CORE#</msg>
<status status="PASS" starttime="20210118 17:22:32.219" endtime="20210118 17:28:21.019"></status>
</kw>
<doc>Get a snapshot of the platform information</doc>
<status status="PASS" starttime="20210118 17:22:32.218" endtime="20210118 17:28:21.019" critical="yes"></status>
</test>
<status status="PASS" starttime="20210118 17:22:09.633" endtime="20210118 17:28:21.021"></status>
</suite>
<statistics>
<total>
<stat pass="2" fail="0">Critical Tests</stat>
<stat pass="2" fail="0">All Tests</stat>
</total>
<tag>
</tag>
<suite>
<stat pass="2" fail="0" id="s1" name="Stable Snapshot">Stable Snapshot</stat>
</suite>
</statistics>
<errors>
<msg timestamp="20210118 17:22:10.668" level="WARN">Using the default encoding key since no key was specified in configuration.
THIS IS A SHARED KEY AND IS NOT SECURE, PLEASE RUN `pyats secret keygen` AND ADD TO YOUR pyats.conf FILE BEFORE ENCODING ANY VALUES.</msg>
<msg timestamp="20210118 17:22:10.744" level="WARN">Could not load the Datafile correctly</msg>
</errors>
</robot>
